<?xml version="1.0" encoding="UTF-8"?>
<!-- Generated by org.testng.reporters.JUnitReportReporter -->
<testsuite hostname="CRSPLHOLAP-03" failures="0" tests="1" name="com.saucelab.test.ProductTest" time="28.396" errors="0" timestamp="2025-07-28T12:27:04 IST" skipped="0">
  <testcase classname="com.saucelab.test.ProductTest" name="TestLogin" time="28.396"/>
</testsuite> <!-- com.saucelab.test.ProductTest -->
