<?xml version="1.0" encoding="UTF-8"?>
<!-- Generated by org.testng.reporters.JUnitReportReporter -->
<testsuite hostname="CRSPLHOLAP-03" failures="0" tests="1" name="com.assignments.test.ProductTest" time="32.925" errors="0" timestamp="2025-07-28T15:38:44 IST" skipped="0">
  <testcase classname="com.assignments.test.ProductTest" name="TestLogin" time="32.925"/>
</testsuite> <!-- com.assignments.test.ProductTest -->
