<?xml version="1.0" encoding="UTF-8"?>
<!-- Generated by org.testng.reporters.JUnitReportReporter -->
<testsuite hostname="CRSPLHOLAP-03" failures="0" tests="1" name="com.saucelab.test.LoginTest" time="20.580" errors="0" timestamp="2025-07-28T11:08:51 IST" skipped="0">
  <testcase classname="com.saucelab.test.LoginTest" name="TestLogin" time="20.580"/>
</testsuite> <!-- com.saucelab.test.LoginTest -->
